Build started 10/25/2015 11:10:04 PM.
     1>Project "C:\Users\zchau\Documents\GitHub\A2-GJK-EPA\collisionAI\build\win32\collisionAI.vcxproj" on node 8 (Rebuild target(s)).
     1>ClCompile:
         C:\Program Files (x86)\Microsoft Visual Studio 14.0\VC\bin\x86_amd64\CL.exe /c /I..\..\..\util\include /I..\..\include /I..\..\..\steerlib\include /I..\..\..\external /Zi /nologo /W3 /WX- /MP /O2 /Oi /Ot /GL /D ENABLE_GUI /D _WINDLL /D _MBCS /Gm- /EHsc /MD /GS /Gy /arch:SSE2 /fp:fast /Zc:wchar_t /Zc:forScope /Zc:inline /GR /Fo"Release\\" /Fd"Release\vc140.pdb" /Gd /TP /errorReport:prompt ..\..\src\CollisionAgent.cpp ..\..\src\CollisionAIModule.cpp
     1>cl : Command line warning D9002: ignoring unknown option '/arch:SSE2'
     1>cl : Command line warning D9002: ignoring unknown option '/arch:SSE2'
         CollisionAgent.cpp
     1>cl : Command line warning D9002: ignoring unknown option '/arch:SSE2'
         CollisionAIModule.cpp
     1>c:\users\zchau\documents\github\a2-gjk-epa\util\include\UtilGlobals.h(17): warning C4005: 'UTIL_API': macro redefinition (compiling source file ..\..\src\CollisionAIModule.cpp)
         c:\users\zchau\documents\github\a2-gjk-epa\steerlib\include\Globals.h(22): note: see previous definition of 'UTIL_API' (compiling source file ..\..\src\CollisionAIModule.cpp)
     1>c:\users\zchau\documents\github\a2-gjk-epa\util\include\UtilGlobals.h(17): warning C4005: 'UTIL_API': macro redefinition (compiling source file ..\..\src\CollisionAgent.cpp)
         c:\users\zchau\documents\github\a2-gjk-epa\steerlib\include\Globals.h(22): note: see previous definition of 'UTIL_API' (compiling source file ..\..\src\CollisionAgent.cpp)
     1>c:\users\zchau\documents\github\a2-gjk-epa\util\include\LogObject.h(85): warning C4267: 'argument': conversion from 'size_t' to 'unsigned int', possible loss of data (compiling source file ..\..\src\CollisionAIModule.cpp)
     1>c:\users\zchau\documents\github\a2-gjk-epa\util\include\LogObject.h(85): warning C4267: 'argument': conversion from 'size_t' to 'unsigned int', possible loss of data (compiling source file ..\..\src\CollisionAgent.cpp)
     1>c:\users\zchau\documents\github\a2-gjk-epa\util\include\LogObject.h(43): warning C4244: '=': conversion from '__int64' to 'int', possible loss of data (compiling source file ..\..\src\CollisionAIModule.cpp)
         ..\..\src\CollisionAIModule.cpp(183): note: see reference to function template instantiation 'void LogObject::addLogData<__int64>(T)' being compiled
                 with
                 [
                     T=__int64
                 ]
     1>c:\users\zchau\documents\github\a2-gjk-epa\util\include\LogObject.h(51): warning C4244: '=': conversion from '__int64' to 'float', possible loss of data (compiling source file ..\..\src\CollisionAIModule.cpp)
     1>c:\users\zchau\documents\github\a2-gjk-epa\util\include\LogObject.h(61): warning C4244: 'argument': conversion from '__int64' to 'char', possible loss of data (compiling source file ..\..\src\CollisionAIModule.cpp)
     1>c:\users\zchau\documents\github\a2-gjk-epa\util\include\LogObject.h(43): warning C4244: '=': conversion from 'float' to 'int', possible loss of data (compiling source file ..\..\src\CollisionAIModule.cpp)
         ..\..\src\CollisionAIModule.cpp(187): note: see reference to function template instantiation 'void LogObject::addLogData<float>(T)' being compiled
                 with
                 [
                     T=float
                 ]
     1>c:\users\zchau\documents\github\a2-gjk-epa\util\include\LogObject.h(56): warning C4244: '=': conversion from 'float' to '__int64', possible loss of data (compiling source file ..\..\src\CollisionAIModule.cpp)
     1>c:\users\zchau\documents\github\a2-gjk-epa\util\include\LogObject.h(61): warning C4244: 'argument': conversion from 'float' to 'char', possible loss of data (compiling source file ..\..\src\CollisionAIModule.cpp)
       Link:
         C:\Program Files (x86)\Microsoft Visual Studio 14.0\VC\bin\x86_amd64\link.exe /ERRORREPORT:PROMPT /OUT:"C:\Users\zchau\Documents\GitHub\A2-GJK-EPA\build\win32\Release\collisionAI.dll" /INCREMENTAL:NO /NOLOGO /LIBPATH:"C:\Users\zchau\Documents\GitHub\A2-GJK-EPA\build\win32\Release\\" util.lib steerlib.lib kernel32.lib user32.lib gdi32.lib winspool.lib comdlg32.lib advapi32.lib shell32.lib ole32.lib oleaut32.lib uuid.lib odbc32.lib odbccp32.lib /MANIFEST /MANIFESTUAC:"level='asInvoker' uiAccess='false'" /manifest:embed /PDB:"C:\Users\zchau\Documents\GitHub\A2-GJK-EPA\build\win32\Release\collisionAI.pdb" /OPT:REF /OPT:ICF /LTCG:incremental /TLBID:1 /DYNAMICBASE /NXCOMPAT /IMPLIB:"C:\Users\zchau\Documents\GitHub\A2-GJK-EPA\build\win32\Release\collisionAI.lib" /MACHINE:X64 /DLL Release\CollisionAgent.obj
         Release\CollisionAIModule.obj
            Creating library C:\Users\zchau\Documents\GitHub\A2-GJK-EPA\build\win32\Release\collisionAI.lib and object C:\Users\zchau\Documents\GitHub\A2-GJK-EPA\build\win32\Release\collisionAI.exp
         Generating code
         All 1112 functions were compiled because no usable IPDB/IOBJ from previous compilation was found.
         Finished generating code
         collisionAI.vcxproj -> C:\Users\zchau\Documents\GitHub\A2-GJK-EPA\build\win32\Release\collisionAI.dll
     1>Done Building Project "C:\Users\zchau\Documents\GitHub\A2-GJK-EPA\collisionAI\build\win32\collisionAI.vcxproj" (Rebuild target(s)).

Build succeeded.

Time Elapsed 00:00:08.37
