Build started 10/4/2015 3:39:14 PM.
     1>Project "C:\Users\zchau\Documents\GitHub\SteerLite\steersim\build\win32\steersim.vcxproj" on node 2 (Build target(s)).
     1>Link:
         C:\Program Files (x86)\Microsoft Visual Studio 14.0\VC\bin\x86_amd64\link.exe /ERRORREPORT:PROMPT /OUT:"C:\Users\zchau\Documents\GitHub\SteerLite\build\win32\Release\steersim.exe" /INCREMENTAL:NO /NOLOGO /LIBPATH:C:\Users\zchau\Documents\GitHub\SteerLite\build\win32\Release\ util.lib opengl32.lib glu32.lib C:\Users\zchau\Documents\GitHub\SteerLite\build\win32\\Release\glfw.lib steerlib.lib kernel32.lib user32.lib gdi32.lib winspool.lib comdlg32.lib advapi32.lib shell32.lib ole32.lib oleaut32.lib uuid.lib odbc32.lib odbccp32.lib /MANIFEST /MANIFESTUAC:"level='asInvoker' uiAccess='false'" /manifest:embed /PDB:"C:\Users\zchau\Documents\GitHub\SteerLite\build\win32\Release\steersim.pdb" /OPT:REF /OPT:ICF /LTCG:incremental /TLBID:1 /DYNAMICBASE /NXCOMPAT /IMPLIB:"C:\Users\zchau\Documents\GitHub\SteerLite\build\win32\Release\steersim.lib" /MACHINE:X64 Release\CommandLineEngineDriver.obj
         Release\GLFWEngineDriver.obj
         Release\Main.obj
         Release\QtEngineDriver.obj
         Release\ClockWidget.obj
         Release\ConsoleWidget.obj
         Release\GlobalEventFilter.obj
         Release\GLWidget.obj
         Release\ModuleManagerWidget.obj
         Release\QtEngineController.obj
         Release\RecFilePlayerWidget.obj
         Release\TestCasePlayerWidget.obj
         Release\moc_ClockWidget.obj
         Release\moc_ConsoleWidget.obj
         Release\moc_GlobalEventFilter.obj
         Release\moc_GLWidget.obj
         Release\moc_ModuleManagerWidget.obj
         Release\moc_QtEngineController.obj
         Release\moc_RecFilePlayerWidget.obj
         Release\moc_TestCasePlayerWidget.obj
            Creating library C:\Users\zchau\Documents\GitHub\SteerLite\build\win32\Release\steersim.lib and object C:\Users\zchau\Documents\GitHub\SteerLite\build\win32\Release\steersim.exp
         Generating code
         0 of 1780 functions ( 0.0%) were compiled, the rest were copied from previous compilation.
           0 functions were new in current compilation
           0 functions had inline decision re-evaluated but remain unchanged
         Finished generating code
         steersim.vcxproj -> C:\Users\zchau\Documents\GitHub\SteerLite\build\win32\Release\steersim.exe
       PostBuildEvent:
         IF "" == "ENABLE_QT" (
         IF "Release" == "Release" (
         copy \QtCore4.dll C:\Users\zchau\Documents\GitHub\SteerLite\build\win32\Release\QtCore4.dll
         copy \QtGui4.dll C:\Users\zchau\Documents\GitHub\SteerLite\build\win32\Release\QtGui4.dll
         copy \QtOpenGL4.dll C:\Users\zchau\Documents\GitHub\SteerLite\build\win32\Release\QtOpenGL4.dll
         ) ELSE (
         copy \QtCored4.dll C:\Users\zchau\Documents\GitHub\SteerLite\build\win32\Release\QtCored4.dll
         copy \QtGuid4.dll C:\Users\zchau\Documents\GitHub\SteerLite\build\win32\Release\QtGuid4.dll
         copy \QtOpenGLd4.dll C:\Users\zchau\Documents\GitHub\SteerLite\build\win32\Release\QtOpenGLd4.dll
         )
         )
         
         :VCEnd
     1>Done Building Project "C:\Users\zchau\Documents\GitHub\SteerLite\steersim\build\win32\steersim.vcxproj" (Build target(s)).

Build succeeded.

Time Elapsed 00:00:01.21
