c:\users\zchau\documents\github\steerlite\steersim\build\win32\release\commandlineenginedriver.obj
c:\users\zchau\documents\github\steerlite\steersim\build\win32\release\consolewidget.obj
c:\users\zchau\documents\github\steerlite\steersim\build\win32\release\recfileplayerwidget.obj
c:\users\zchau\documents\github\steerlite\steersim\build\win32\release\moc_glwidget.obj
c:\users\zchau\documents\github\steerlite\steersim\build\win32\release\glfwenginedriver.obj
c:\users\zchau\documents\github\steerlite\steersim\build\win32\release\qtenginedriver.obj
c:\users\zchau\documents\github\steerlite\steersim\build\win32\release\modulemanagerwidget.obj
c:\users\zchau\documents\github\steerlite\steersim\build\win32\release\moc_globaleventfilter.obj
c:\users\zchau\documents\github\steerlite\steersim\build\win32\release\moc_recfileplayerwidget.obj
c:\users\zchau\documents\github\steerlite\steersim\build\win32\release\main.obj
c:\users\zchau\documents\github\steerlite\steersim\build\win32\release\clockwidget.obj
c:\users\zchau\documents\github\steerlite\steersim\build\win32\release\qtenginecontroller.obj
c:\users\zchau\documents\github\steerlite\steersim\build\win32\release\moc_consolewidget.obj
c:\users\zchau\documents\github\steerlite\steersim\build\win32\release\moc_testcaseplayerwidget.obj
c:\users\zchau\documents\github\steerlite\steersim\build\win32\release\globaleventfilter.obj
c:\users\zchau\documents\github\steerlite\steersim\build\win32\release\testcaseplayerwidget.obj
c:\users\zchau\documents\github\steerlite\steersim\build\win32\release\moc_modulemanagerwidget.obj
c:\users\zchau\documents\github\steerlite\steersim\build\win32\release\glwidget.obj
c:\users\zchau\documents\github\steerlite\steersim\build\win32\release\moc_clockwidget.obj
c:\users\zchau\documents\github\steerlite\steersim\build\win32\release\moc_qtenginecontroller.obj
c:\users\zchau\documents\github\steerlite\steersim\build\win32\release\vc140.pdb
c:\users\zchau\documents\github\steerlite\steersim\build\autogenerated\moc_clockwidget.cpp
c:\users\zchau\documents\github\steerlite\steersim\build\autogenerated\moc_consolewidget.cpp
c:\users\zchau\documents\github\steerlite\steersim\build\autogenerated\moc_globaleventfilter.cpp
c:\users\zchau\documents\github\steerlite\steersim\build\autogenerated\moc_glwidget.cpp
c:\users\zchau\documents\github\steerlite\steersim\build\autogenerated\moc_modulemanagerwidget.cpp
c:\users\zchau\documents\github\steerlite\steersim\build\autogenerated\moc_qtenginecontroller.cpp
c:\users\zchau\documents\github\steerlite\steersim\build\autogenerated\moc_recfileplayerwidget.cpp
c:\users\zchau\documents\github\steerlite\steersim\build\autogenerated\moc_testcaseplayerwidget.cpp
c:\users\zchau\documents\github\steerlite\build\win32\release\steersim.exe
c:\users\zchau\documents\github\steerlite\steersim\build\win32\release\steersim.tlog\cl.command.1.tlog
c:\users\zchau\documents\github\steerlite\steersim\build\win32\release\steersim.tlog\cl.read.1.tlog
c:\users\zchau\documents\github\steerlite\steersim\build\win32\release\steersim.tlog\cl.write.1.tlog
c:\users\zchau\documents\github\steerlite\steersim\build\win32\release\steersim.tlog\custombuild.command.1.tlog
c:\users\zchau\documents\github\steerlite\steersim\build\win32\release\steersim.tlog\custombuild.read.1.tlog
c:\users\zchau\documents\github\steerlite\steersim\build\win32\release\steersim.tlog\custombuild.write.1.tlog
c:\users\zchau\documents\github\steerlite\steersim\build\win32\release\steersim.tlog\link.command.1.tlog
c:\users\zchau\documents\github\steerlite\steersim\build\win32\release\steersim.tlog\link.read.1.tlog
