Build started 10/3/2015 4:04:22 PM.
     1>Project "C:\Users\zchau\Documents\GitHub\SteerLite\steerlib\build\win32\steerlib.vcxproj" on node 2 (Build target(s)).
     1>ClCompile:
         C:\Program Files (x86)\Microsoft Visual Studio 14.0\VC\bin\x86_amd64\CL.exe /c /I..\..\..\util\include /I..\..\include /I..\..\..\external /Zi /nologo /W3 /WX- /MP /O2 /Oi /Ot /GL /D _COMPILING_WIN32_STEERLIB /D ENABLE_GUI /D _WINDLL /D _MBCS /Gm- /EHsc /MD /GS /Gy /arch:SSE2 /fp:fast /Zc:wchar_t /Zc:forScope /Zc:inline /GR /Fo"Release\\" /Fd"Release\vc140.pdb" /Gd /TP /errorReport:prompt ..\..\src\Curve.cpp
     1>cl : Command line warning D9002: ignoring unknown option '/arch:SSE2'
         Curve.cpp
     1>..\..\src\Curve.cpp(75): warning C4267: 'initializing': conversion from 'size_t' to 'int', possible loss of data
     1>..\..\src\Curve.cpp(130): warning C4101: 'intervalTime': unreferenced local variable
     1>..\..\src\Curve.cpp(130): warning C4101: 'normalTime': unreferenced local variable
     1>..\..\src\Curve.cpp(170): warning C4244: 'initializing': conversion from 'float' to 'int', possible loss of data
     1>..\..\src\Curve.cpp(210): warning C4244: 'initializing': conversion from 'float' to 'int', possible loss of data
     1>..\..\src\Curve.cpp(316): warning C4267: '=': conversion from 'size_t' to 'int', possible loss of data
     1>..\..\src\Curve.cpp(317): warning C4267: '=': conversion from 'size_t' to 'int', possible loss of data
     1>..\..\src\Curve.cpp(318): warning C4267: '=': conversion from 'size_t' to 'int', possible loss of data
     1>..\..\src\Curve.cpp(319): warning C4267: '=': conversion from 'size_t' to 'int', possible loss of data
     1>..\..\src\Curve.cpp(321): warning C4244: 'initializing': conversion from 'float' to 'int', possible loss of data
       Link:
         C:\Program Files (x86)\Microsoft Visual Studio 14.0\VC\bin\x86_amd64\link.exe /ERRORREPORT:PROMPT /OUT:"C:\Users\zchau\Documents\GitHub\SteerLite\build\win32\Release\steerlib.dll" /INCREMENTAL:NO /NOLOGO /LIBPATH:C:\Users\zchau\Documents\GitHub\SteerLite\build\win32\Release\ util.lib opengl32.lib glu32.lib kernel32.lib user32.lib gdi32.lib winspool.lib comdlg32.lib advapi32.lib shell32.lib ole32.lib oleaut32.lib uuid.lib odbc32.lib odbccp32.lib /MANIFEST /MANIFESTUAC:"level='asInvoker' uiAccess='false'" /manifest:embed /PDB:"C:\Users\zchau\Documents\GitHub\SteerLite\build\win32\Release\steerlib.pdb" /LTCG:incremental /TLBID:1 /DYNAMICBASE /NXCOMPAT /IMPLIB:"C:\Users\zchau\Documents\GitHub\SteerLite\build\win32\Release\steerlib.lib" /MACHINE:X64 /DLL Release\AgentMetricsCollector.obj
         Release\BehaviorParameter.obj
         Release\Behaviour.obj
         Release\BenchmarkEngine.obj
         Release\CompositeTechnique01.obj
         Release\CompositeTechnique02.obj
         Release\CompositeTechniquePLE.obj
         Release\Curve.obj
         Release\FrameSaver.obj
         Release\OrientedWallObstacle.obj
         Release\SimulationMetricsCollector.obj
         Release\GridDatabase2D.obj
         Release\CommandLineParser.obj
         Release\DrawLib.obj
         Release\DynamicLibrary.obj
         Release\HighResCounter.obj
         Release\MemoryMapper.obj
         Release\Misc.obj
         Release\PerformanceProfiler.obj
         Release\StateMachine.obj
         Release\ThreadedTaskManager.obj
         Release\XMLParser.obj
         Release\RecFileReader.obj
         Release\RecFileWriter.obj
         Release\TestCaseReader.obj
         Release\TestCaseReaderPrivate.obj
         Release\TestCaseWriter.obj
         Release\Camera.obj
         Release\Clock.obj
         Release\SimulationEngine.obj
         Release\SimulationOptions.obj
         Release\SteeringCommand.obj
         Release\BoxObstacle.obj
         Release\CircleObstacle.obj
         Release\OrientedBoxObstacle.obj
         Release\RecFilePlayerModule.obj
         Release\SimulationRecorderModule.obj
         Release\TestCasePlayerModule.obj
         Release\ticpp.obj
         Release\tinystr.obj
         Release\tinyxml.obj
         Release\tinyxmlerror.obj
         Release\tinyxmlparser.obj
            Creating library C:\Users\zchau\Documents\GitHub\SteerLite\build\win32\Release\steerlib.lib and object C:\Users\zchau\Documents\GitHub\SteerLite\build\win32\Release\steerlib.exp
         Generating code
         2 of 8733 functions ( 0.0%) were compiled, the rest were copied from previous compilation.
           0 functions were new in current compilation
           1 functions had inline decision re-evaluated but remain unchanged
         Finished generating code
         steerlib.vcxproj -> C:\Users\zchau\Documents\GitHub\SteerLite\build\win32\Release\steerlib.dll
     1>Done Building Project "C:\Users\zchau\Documents\GitHub\SteerLite\steerlib\build\win32\steerlib.vcxproj" (Build target(s)).

Build succeeded.

Time Elapsed 00:00:03.68
