Build started 10/1/2015 3:41:24 PM.
     1>Project "C:\Users\Crazy\Desktop\SteerLite-A1\steersim\build\win32\steersim.vcxproj" on node 3 (Build target(s)).
     1>CustomBuild:
         Generating moc_ClockWidget.cpp (Creates empty file if Qt is not enabled)
         Generating moc_ConsoleWidget.cpp (Creates empty file if Qt is not enabled)
         Generating moc_GlobalEventFilter.cpp (Creates empty file if Qt is not enabled)
         Generating moc_GLWidget.cpp (Creates empty file if Qt is not enabled)
         Generating moc_ModuleManagerWidget.cpp (Creates empty file if Qt is not enabled)
         Generating moc_QtEngineController.cpp (Creates empty file if Qt is not enabled)
         Generating moc_RecFilePlayer.cpp (Creates empty file if Qt is not enabled)
         Generating moc_TestCasePlayer.cpp (Creates empty file if Qt is not enabled)
       ClCompile:
         C:\Program Files (x86)\Microsoft Visual Studio 14.0\VC\bin\x86_amd64\CL.exe /c /I..\..\..\ccAI\include /I..\..\..\footstepAI\include /I..\..\..\rvo2AI\include /I..\..\..\util\include /I..\..\..\pprAI\include /I..\..\include /I..\..\..\steerlib\include /I..\..\..\external /I..\..\..\external\qhull\src /IC:\Qt\4.5.2\include /Zi /nologo /W3 /WX- /MP /O2 /Oi /Ot /GL /D ENABLE_GUI /D ENABLE_GLFW /D _MBCS /Gm- /EHsc /MD /GS /Gy /arch:SSE2 /fp:fast /Zc:wchar_t /Zc:forScope /Zc:inline /GR /Fo"Release\\" /Fd"Release\vc140.pdb" /Gd /TP /errorReport:prompt ..\..\src\CommandLineEngineDriver.cpp ..\..\src\GLFWEngineDriver.cpp ..\..\src\Main.cpp ..\..\src\QtEngineDriver.cpp ..\..\src\ClockWidget.cpp ..\..\src\ConsoleWidget.cpp ..\..\src\GlobalEventFilter.cpp ..\..\src\GLWidget.cpp ..\..\src\ModuleManagerWidget.cpp ..\..\src\QtEngineController.cpp ..\..\src\RecFilePlayerWidget.cpp ..\..\src\TestCasePlayerWidget.cpp ..\autogenerated\moc_ClockWidget.cpp ..\autogenerated\moc_ConsoleWidget.cpp ..\autogenerated\moc_GlobalEventFilter.cpp ..\autogenerated\moc_GLWidget.cpp ..\autogenerated\moc_ModuleManagerWidget.cpp ..\autogenerated\moc_QtEngineController.cpp ..\autogenerated\moc_RecFilePlayerWidget.cpp ..\autogenerated\moc_TestCasePlayerWidget.cpp
     1>cl : Command line warning D9002: ignoring unknown option '/arch:SSE2'
     1>cl : Command line warning D9002: ignoring unknown option '/arch:SSE2'
     1>cl : Command line warning D9002: ignoring unknown option '/arch:SSE2'
     1>cl : Command line warning D9002: ignoring unknown option '/arch:SSE2'
     1>cl : Command line warning D9002: ignoring unknown option '/arch:SSE2'
     1>cl : Command line warning D9002: ignoring unknown option '/arch:SSE2'
     1>cl : Command line warning D9002: ignoring unknown option '/arch:SSE2'
         CommandLineEngineDriver.cpp
         GLFWEngineDriver.cpp
     1>cl : Command line warning D9002: ignoring unknown option '/arch:SSE2'
         Main.cpp
         QtEngineDriver.cpp
         ClockWidget.cpp
         ConsoleWidget.cpp
         GlobalEventFilter.cpp
     1>cl : Command line warning D9002: ignoring unknown option '/arch:SSE2'
         GLWidget.cpp
         ModuleManagerWidget.cpp
         QtEngineController.cpp
         RecFilePlayerWidget.cpp
         TestCasePlayerWidget.cpp
         moc_ClockWidget.cpp
         moc_ConsoleWidget.cpp
         moc_GlobalEventFilter.cpp
         moc_GLWidget.cpp
         moc_ModuleManagerWidget.cpp
     1>c:\users\crazy\desktop\steerlite-a1\steerlib\include\Globals.h(33): warning C4005: 'ENABLE_GLFW': macro redefinition (compiling source file ..\..\src\Main.cpp)
         c:\users\crazy\desktop\steerlite-a1\steerlib\include\Globals.h(33): note: command-line arguments:  see previous definition of 'ENABLE_GLFW' (compiling source file ..\..\src\Main.cpp)
         moc_QtEngineController.cpp
         moc_RecFilePlayerWidget.cpp
         moc_TestCasePlayerWidget.cpp
     1>c:\users\crazy\desktop\steerlite-a1\steerlib\include\Globals.h(33): warning C4005: 'ENABLE_GLFW': macro redefinition (compiling source file ..\..\src\CommandLineEngineDriver.cpp)
         c:\users\crazy\desktop\steerlite-a1\steerlib\include\Globals.h(33): note: command-line arguments:  see previous definition of 'ENABLE_GLFW' (compiling source file ..\..\src\CommandLineEngineDriver.cpp)
     1>c:\users\crazy\desktop\steerlite-a1\steerlib\include\Globals.h(33): warning C4005: 'ENABLE_GLFW': macro redefinition (compiling source file ..\..\src\GLFWEngineDriver.cpp)
         c:\users\crazy\desktop\steerlite-a1\steerlib\include\Globals.h(33): note: command-line arguments:  see previous definition of 'ENABLE_GLFW' (compiling source file ..\..\src\GLFWEngineDriver.cpp)
     1>c:\users\crazy\desktop\steerlite-a1\util\include\UtilGlobals.h(17): warning C4005: 'UTIL_API': macro redefinition (compiling source file ..\..\src\CommandLineEngineDriver.cpp)
         c:\users\crazy\desktop\steerlite-a1\steerlib\include\Globals.h(22): note: see previous definition of 'UTIL_API' (compiling source file ..\..\src\CommandLineEngineDriver.cpp)
     1>c:\users\crazy\desktop\steerlite-a1\util\include\UtilGlobals.h(17): warning C4005: 'UTIL_API': macro redefinition (compiling source file ..\..\src\Main.cpp)
         c:\users\crazy\desktop\steerlite-a1\steerlib\include\Globals.h(22): note: see previous definition of 'UTIL_API' (compiling source file ..\..\src\Main.cpp)
     1>c:\users\crazy\desktop\steerlite-a1\util\include\LogObject.h(85): warning C4267: 'argument': conversion from 'size_t' to 'unsigned int', possible loss of data (compiling source file ..\..\src\CommandLineEngineDriver.cpp)
     1>c:\users\crazy\desktop\steerlite-a1\util\include\UtilGlobals.h(17): warning C4005: 'UTIL_API': macro redefinition (compiling source file ..\..\src\GLFWEngineDriver.cpp)
         c:\users\crazy\desktop\steerlite-a1\steerlib\include\Globals.h(22): note: see previous definition of 'UTIL_API' (compiling source file ..\..\src\GLFWEngineDriver.cpp)
     1>c:\users\crazy\desktop\steerlite-a1\util\include\LogObject.h(85): warning C4267: 'argument': conversion from 'size_t' to 'unsigned int', possible loss of data (compiling source file ..\..\src\Main.cpp)
     1>c:\users\crazy\desktop\steerlite-a1\util\include\LogObject.h(85): warning C4267: 'argument': conversion from 'size_t' to 'unsigned int', possible loss of data (compiling source file ..\..\src\GLFWEngineDriver.cpp)
     1>..\..\src\CommandLineEngineDriver.cpp(119): warning C4996: 'strncpy': This function or variable may be unsafe. Consider using strncpy_s instead. To disable deprecation, use _CRT_SECURE_NO_WARNINGS. See online help for details.
         C:\Program Files (x86)\Windows Kits\10\Include\10.0.10150.0\ucrt\string.h(346): note: see declaration of 'strncpy'
     1>..\..\src\CommandLineEngineDriver.cpp(125): warning C4996: 'strncpy': This function or variable may be unsafe. Consider using strncpy_s instead. To disable deprecation, use _CRT_SECURE_NO_WARNINGS. See online help for details.
         C:\Program Files (x86)\Windows Kits\10\Include\10.0.10150.0\ucrt\string.h(346): note: see declaration of 'strncpy'
     1>..\..\src\GLFWEngineDriver.cpp(142): warning C4996: 'strncpy': This function or variable may be unsafe. Consider using strncpy_s instead. To disable deprecation, use _CRT_SECURE_NO_WARNINGS. See online help for details.
         C:\Program Files (x86)\Windows Kits\10\Include\10.0.10150.0\ucrt\string.h(346): note: see declaration of 'strncpy'
     1>..\..\src\GLFWEngineDriver.cpp(322): warning C4244: 'initializing': conversion from 'double' to 'float', possible loss of data
     1>..\..\src\GLFWEngineDriver.cpp(346): warning C4244: 'initializing': conversion from 'double' to 'float', possible loss of data
     1>..\..\src\GLFWEngineDriver.cpp(347): warning C4244: 'initializing': conversion from 'double' to 'float', possible loss of data
     1>..\..\src\GLFWEngineDriver.cpp(366): warning C4244: '=': conversion from 'double' to 'float', possible loss of data
     1>..\..\src\GLFWEngineDriver.cpp(367): warning C4244: '=': conversion from 'double' to 'float', possible loss of data
     1>..\..\src\Main.cpp(229): warning C4996: 'strncpy': This function or variable may be unsafe. Consider using strncpy_s instead. To disable deprecation, use _CRT_SECURE_NO_WARNINGS. See online help for details.
         C:\Program Files (x86)\Windows Kits\10\Include\10.0.10150.0\ucrt\string.h(346): note: see declaration of 'strncpy'
       Link:
         C:\Program Files (x86)\Microsoft Visual Studio 14.0\VC\bin\x86_amd64\link.exe /ERRORREPORT:PROMPT /OUT:"C:\Users\Crazy\Desktop\SteerLite-A1\build\win32\Release\steersim.exe" /INCREMENTAL:NO /NOLOGO /LIBPATH:"C:\Users\Crazy\Desktop\SteerLite-A1\build\win32\Release\\" util.lib opengl32.lib glu32.lib "C:\Users\Crazy\Desktop\SteerLite-A1\build\win32\\Release\glfw.lib" steerlib.lib kernel32.lib user32.lib gdi32.lib winspool.lib comdlg32.lib advapi32.lib shell32.lib ole32.lib oleaut32.lib uuid.lib odbc32.lib odbccp32.lib /MANIFEST /MANIFESTUAC:"level='asInvoker' uiAccess='false'" /manifest:embed /PDB:"C:\Users\Crazy\Desktop\SteerLite-A1\build\win32\Release\steersim.pdb" /OPT:REF /OPT:ICF /LTCG:incremental /TLBID:1 /DYNAMICBASE /NXCOMPAT /IMPLIB:"C:\Users\Crazy\Desktop\SteerLite-A1\build\win32\Release\steersim.lib" /MACHINE:X64 Release\CommandLineEngineDriver.obj
         Release\GLFWEngineDriver.obj
         Release\Main.obj
         Release\QtEngineDriver.obj
         Release\ClockWidget.obj
         Release\ConsoleWidget.obj
         Release\GlobalEventFilter.obj
         Release\GLWidget.obj
         Release\ModuleManagerWidget.obj
         Release\QtEngineController.obj
         Release\RecFilePlayerWidget.obj
         Release\TestCasePlayerWidget.obj
         Release\moc_ClockWidget.obj
         Release\moc_ConsoleWidget.obj
         Release\moc_GlobalEventFilter.obj
         Release\moc_GLWidget.obj
         Release\moc_ModuleManagerWidget.obj
         Release\moc_QtEngineController.obj
         Release\moc_RecFilePlayerWidget.obj
         Release\moc_TestCasePlayerWidget.obj
            Creating library C:\Users\Crazy\Desktop\SteerLite-A1\build\win32\Release\steersim.lib and object C:\Users\Crazy\Desktop\SteerLite-A1\build\win32\Release\steersim.exp
         Generating code
         1775 of 1780 functions (99.7%) were compiled, the rest were copied from previous compilation.
           88 functions were new in current compilation
           0 functions had inline decision re-evaluated but remain unchanged
         Finished generating code
         steersim.vcxproj -> C:\Users\Crazy\Desktop\SteerLite-A1\build\win32\Release\steersim.exe
       PostBuildEvent:
         IF "" == "ENABLE_QT" (
         IF "Release" == "Release" (
         copy \QtCore4.dll C:\Users\Crazy\Desktop\SteerLite-A1\build\win32\Release\QtCore4.dll
         copy \QtGui4.dll C:\Users\Crazy\Desktop\SteerLite-A1\build\win32\Release\QtGui4.dll
         copy \QtOpenGL4.dll C:\Users\Crazy\Desktop\SteerLite-A1\build\win32\Release\QtOpenGL4.dll
         ) ELSE (
         copy \QtCored4.dll C:\Users\Crazy\Desktop\SteerLite-A1\build\win32\Release\QtCored4.dll
         copy \QtGuid4.dll C:\Users\Crazy\Desktop\SteerLite-A1\build\win32\Release\QtGuid4.dll
         copy \QtOpenGLd4.dll C:\Users\Crazy\Desktop\SteerLite-A1\build\win32\Release\QtOpenGLd4.dll
         )
         )
         
         :VCEnd
     1>Done Building Project "C:\Users\Crazy\Desktop\SteerLite-A1\steersim\build\win32\steersim.vcxproj" (Build target(s)).

Build succeeded.

Time Elapsed 00:00:17.58
