Build started 10/25/2015 11:09:47 PM.
     1>Project "C:\Users\zchau\Documents\GitHub\A2-GJK-EPA\steerlib\build\win32\steerlib.vcxproj" on node 2 (Rebuild target(s)).
     1>ClCompile:
         C:\Program Files (x86)\Microsoft Visual Studio 14.0\VC\bin\x86_amd64\CL.exe /c /I..\..\..\util\include /I..\..\include /I..\..\..\external /Zi /nologo /W3 /WX- /MP /O2 /Oi /Ot /GL /D _COMPILING_WIN32_STEERLIB /D ENABLE_GUI /D _WINDLL /D _MBCS /Gm- /EHsc /MD /GS /Gy /arch:SSE2 /fp:fast /Zc:wchar_t /Zc:forScope /Zc:inline /GR /Fo"Release\\" /Fd"Release\vc140.pdb" /Gd /TP /errorReport:prompt ..\..\src\AgentMetricsCollector.cpp ..\..\src\BehaviorParameter.cpp ..\..\src\Behaviour.cpp ..\..\src\BenchmarkEngine.cpp ..\..\src\CompositeTechnique01.cpp ..\..\src\CompositeTechnique02.cpp ..\..\src\CompositeTechniquePLE.cpp ..\..\src\Curve.cpp ..\..\src\FrameSaver.cpp ..\..\src\GJK_EPA.cpp ..\..\src\OrientedWallObstacle.cpp ..\..\src\PolygonObstacle.cpp ..\..\src\SimulationMetricsCollector.cpp ..\..\src\GridDatabase2D.cpp ..\..\src\CommandLineParser.cpp ..\..\src\DrawLib.cpp ..\..\src\DynamicLibrary.cpp ..\..\src\HighResCounter.cpp ..\..\src\MemoryMapper.cpp ..\..\src\Misc.cpp ..\..\src\PerformanceProfiler.cpp ..\..\src\StateMachine.cpp ..\..\src\ThreadedTaskManager.cpp ..\..\src\XMLParser.cpp ..\..\src\RecFileReader.cpp ..\..\src\RecFileWriter.cpp ..\..\src\TestCaseReader.cpp ..\..\src\TestCaseReaderPrivate.cpp ..\..\src\TestCaseWriter.cpp ..\..\src\Camera.cpp ..\..\src\Clock.cpp ..\..\src\SimulationEngine.cpp ..\..\src\SimulationOptions.cpp ..\..\src\SteeringCommand.cpp ..\..\src\BoxObstacle.cpp ..\..\src\CircleObstacle.cpp ..\..\src\OrientedBoxObstacle.cpp ..\..\src\RecFilePlayerModule.cpp ..\..\src\SimulationRecorderModule.cpp ..\..\src\TestCasePlayerModule.cpp ..\..\..\external\tinyxml\ticpp.cpp ..\..\..\external\tinyxml\tinystr.cpp ..\..\..\external\tinyxml\tinyxml.cpp ..\..\..\external\tinyxml\tinyxmlerror.cpp ..\..\..\external\tinyxml\tinyxmlparser.cpp
     1>cl : Command line warning D9002: ignoring unknown option '/arch:SSE2'
     1>cl : Command line warning D9002: ignoring unknown option '/arch:SSE2'
     1>cl : Command line warning D9002: ignoring unknown option '/arch:SSE2'
     1>cl : Command line warning D9002: ignoring unknown option '/arch:SSE2'
         AgentMetricsCollector.cpp
     1>cl : Command line warning D9002: ignoring unknown option '/arch:SSE2'
         BehaviorParameter.cpp
     1>cl : Command line warning D9002: ignoring unknown option '/arch:SSE2'
     1>cl : Command line warning D9002: ignoring unknown option '/arch:SSE2'
         Behaviour.cpp
     1>cl : Command line warning D9002: ignoring unknown option '/arch:SSE2'
         BenchmarkEngine.cpp
         CompositeTechnique01.cpp
         CompositeTechnique02.cpp
         CompositeTechniquePLE.cpp
     1>cl : Command line warning D9002: ignoring unknown option '/arch:SSE2'
         Curve.cpp
     1>C:\Users\zchau\Documents\GitHub\A2-GJK-EPA\steerlib\include\util/GenericException.h(57): warning C4275: non dll-interface class 'std::exception' used as base for dll-interface class 'Util::GenericException' (compiling source file ..\..\src\CompositeTechniquePLE.cpp)C:\Users\zchau\Documents\GitHub\A2-GJK-EPA\steerlib\include\util/GenericException.h(57): warning C4275: non dll-interface class 'std::exception' used as base for dll-interface class 'Util::GenericException' (compiling source file ..\..\src\CompositeTechnique01.cpp)
         
         C:\Program Files (x86)\Microsoft Visual Studio 14.0\VC\include\vcruntime_exception.h(43): note: see declaration of 'std::exception' (compiling source file ..\..\src\CompositeTechnique01.cpp)
     1>C:\Users\zchau\Documents\GitHub\A2-GJK-EPA\steerlib\include\util/GenericException.h(57): warning C4275: non dll-interface class 'std::exception' used as base for dll-interface class 'Util::GenericException' (compiling source file ..\..\src\BenchmarkEngine.cpp)
         C:\Users\zchau\Documents\GitHub\A2-GJK-EPA\steerlib\include\util/GenericException.h(56): note: see declaration of 'Util::GenericException' (compiling source file ..\..\src\CompositeTechnique01.cpp)
         C:\Program Files (x86)\Microsoft Visual Studio 14.0\VC\include\vcruntime_exception.h(43): note: see declaration of 'std::exception' (compiling source file ..\..\src\BenchmarkEngine.cpp)
         C:\Users\zchau\Documents\GitHub\A2-GJK-EPA\steerlib\include\util/GenericException.h(56): note: see declaration of 'Util::GenericException' (compiling source file ..\..\src\BenchmarkEngine.cpp)
         C:\Program Files (x86)\Microsoft Visual Studio 14.0\VC\include\vcruntime_exception.h(43): note: see declaration of 'std::exception' (compiling source file ..\..\src\CompositeTechniquePLE.cpp)
         C:\Users\zchau\Documents\GitHub\A2-GJK-EPA\steerlib\include\util/GenericException.h(56): note: see declaration of 'Util::GenericException' (compiling source file ..\..\src\CompositeTechniquePLE.cpp)
     1>C:\Users\zchau\Documents\GitHub\A2-GJK-EPA\steerlib\include\util/GenericException.h(57): warning C4275: non dll-interface class 'std::exception' used as base for dll-interface class 'Util::GenericException' (compiling source file ..\..\src\CompositeTechnique02.cpp)
         C:\Program Files (x86)\Microsoft Visual Studio 14.0\VC\include\vcruntime_exception.h(43): note: see declaration of 'std::exception' (compiling source file ..\..\src\CompositeTechnique02.cpp)
         C:\Users\zchau\Documents\GitHub\A2-GJK-EPA\steerlib\include\util/GenericException.h(56): note: see declaration of 'Util::GenericException' (compiling source file ..\..\src\CompositeTechnique02.cpp)
     1>C:\Users\zchau\Documents\GitHub\A2-GJK-EPA\steerlib\include\util/GenericException.h(57): warning C4275: non dll-interface class 'std::exception' used as base for dll-interface class 'Util::GenericException' (compiling source file ..\..\src\AgentMetricsCollector.cpp)
         C:\Program Files (x86)\Microsoft Visual Studio 14.0\VC\include\vcruntime_exception.h(43): note: see declaration of 'std::exception' (compiling source file ..\..\src\AgentMetricsCollector.cpp)
         C:\Users\zchau\Documents\GitHub\A2-GJK-EPA\steerlib\include\util/GenericException.h(56): note: see declaration of 'Util::GenericException' (compiling source file ..\..\src\AgentMetricsCollector.cpp)
     1>..\..\src\Curve.cpp(82): warning C4267: 'initializing': conversion from 'size_t' to 'int', possible loss of data
         FrameSaver.cpp
     1>..\..\src\Curve.cpp(111): warning C4267: 'initializing': conversion from 'size_t' to 'int', possible loss of data
     1>..\..\src\Curve.cpp(145): warning C4101: 'intervalTime': unreferenced local variable
     1>..\..\src\Curve.cpp(145): warning C4101: 'normalTime': unreferenced local variable
     1>..\..\src\Curve.cpp(230): warning C4244: 'initializing': conversion from 'float' to 'int', possible loss of data
     1>..\..\src\Curve.cpp(267): warning C4244: 'initializing': conversion from 'float' to 'int', possible loss of data
     1>..\..\src\Curve.cpp(365): warning C4267: '=': conversion from 'size_t' to 'int', possible loss of data
     1>..\..\src\Curve.cpp(366): warning C4267: '=': conversion from 'size_t' to 'int', possible loss of data
     1>..\..\src\Curve.cpp(367): warning C4267: '=': conversion from 'size_t' to 'int', possible loss of data
     1>..\..\src\Curve.cpp(368): warning C4267: '=': conversion from 'size_t' to 'int', possible loss of data
     1>..\..\src\Curve.cpp(370): warning C4244: 'initializing': conversion from 'float' to 'int', possible loss of data
         GJK_EPA.cpp
     1>c:\users\zchau\documents\github\a2-gjk-epa\util\include\LogObject.h(85): warning C4267: 'argument': conversion from 'size_t' to 'unsigned int', possible loss of data (compiling source file ..\..\src\CompositeTechniquePLE.cpp)
     1>c:\users\zchau\documents\github\a2-gjk-epa\util\include\LogObject.h(85): warning C4267: 'argument': conversion from 'size_t' to 'unsigned int', possible loss of data (compiling source file ..\..\src\BenchmarkEngine.cpp)
     1>c:\users\zchau\documents\github\a2-gjk-epa\util\include\LogObject.h(85): warning C4267: 'argument': conversion from 'size_t' to 'unsigned int', possible loss of data (compiling source file ..\..\src\CompositeTechnique01.cpp)
     1>c:\users\zchau\documents\github\a2-gjk-epa\util\include\LogObject.h(85): warning C4267: 'argument': conversion from 'size_t' to 'unsigned int', possible loss of data (compiling source file ..\..\src\CompositeTechnique02.cpp)
         OrientedWallObstacle.cpp
     1>..\..\src\FrameSaver.cpp(47): warning C4996: 'strcpy': This function or variable may be unsafe. Consider using strcpy_s instead. To disable deprecation, use _CRT_SECURE_NO_WARNINGS. See online help for details.
         C:\Program Files (x86)\Windows Kits\10\Include\10.0.10150.0\ucrt\string.h(119): note: see declaration of 'strcpy'
     1>..\..\src\FrameSaver.cpp(50): warning C4996: 'sprintf': This function or variable may be unsafe. Consider using sprintf_s instead. To disable deprecation, use _CRT_SECURE_NO_WARNINGS. See online help for details.
         C:\Program Files (x86)\Windows Kits\10\Include\10.0.10150.0\ucrt\stdio.h(1769): note: see declaration of 'sprintf'
     1>..\..\src\FrameSaver.cpp(53): warning C4996: 'fopen': This function or variable may be unsafe. Consider using fopen_s instead. To disable deprecation, use _CRT_SECURE_NO_WARNINGS. See online help for details.
         C:\Program Files (x86)\Windows Kits\10\Include\10.0.10150.0\ucrt\stdio.h(205): note: see declaration of 'fopen'
         PolygonObstacle.cpp
     1>C:\Users\zchau\Documents\GitHub\A2-GJK-EPA\steerlib\include\util/GenericException.h(57): warning C4275: non dll-interface class 'std::exception' used as base for dll-interface class 'Util::GenericException' (compiling source file ..\..\src\OrientedWallObstacle.cpp)
         C:\Program Files (x86)\Microsoft Visual Studio 14.0\VC\include\vcruntime_exception.h(43): note: see declaration of 'std::exception' (compiling source file ..\..\src\OrientedWallObstacle.cpp)
         C:\Users\zchau\Documents\GitHub\A2-GJK-EPA\steerlib\include\util/GenericException.h(56): note: see declaration of 'Util::GenericException' (compiling source file ..\..\src\OrientedWallObstacle.cpp)
         SimulationMetricsCollector.cpp
         GridDatabase2D.cpp
         CommandLineParser.cpp
         DrawLib.cpp
     1>C:\Users\zchau\Documents\GitHub\A2-GJK-EPA\steerlib\include\obstacles/OrientedWallObstacle.h(41): warning C4251: 'SteerLib::OrientedWallObstacle::_wallSections': class 'std::vector<SteerLib::OrientedBoxObstacle *,std::allocator<_Ty>>' needs to have dll-interface to be used by clients of class 'SteerLib::OrientedWallObstacle'
                 with
                 [
                     _Ty=SteerLib::OrientedBoxObstacle *
                 ] (compiling source file ..\..\src\OrientedWallObstacle.cpp)
         DynamicLibrary.cpp
         HighResCounter.cpp
     1>..\..\src\OrientedWallObstacle.cpp(40): warning C4244: 'argument': conversion from 'double' to 'float', possible loss of data
     1>..\..\src\OrientedWallObstacle.cpp(42): warning C4244: 'argument': conversion from 'double' to 'float', possible loss of data
     1>..\..\src\OrientedWallObstacle.cpp(60): warning C4244: 'argument': conversion from 'double' to 'float', possible loss of data
     1>..\..\src\OrientedWallObstacle.cpp(62): warning C4244: 'argument': conversion from 'double' to 'float', possible loss of data
     1>C:\Users\zchau\Documents\GitHub\A2-GJK-EPA\steerlib\include\util/GenericException.h(57): warning C4275: non dll-interface class 'std::exception' used as base for dll-interface class 'Util::GenericException' (compiling source file ..\..\src\PolygonObstacle.cpp)
         C:\Program Files (x86)\Microsoft Visual Studio 14.0\VC\include\vcruntime_exception.h(43): note: see declaration of 'std::exception' (compiling source file ..\..\src\PolygonObstacle.cpp)
         C:\Users\zchau\Documents\GitHub\A2-GJK-EPA\steerlib\include\util/GenericException.h(56): note: see declaration of 'Util::GenericException' (compiling source file ..\..\src\PolygonObstacle.cpp)
     1>C:\Users\zchau\Documents\GitHub\A2-GJK-EPA\steerlib\include\util/GenericException.h(57): warning C4275: non dll-interface class 'std::exception' used as base for dll-interface class 'Util::GenericException' (compiling source file ..\..\src\GridDatabase2D.cpp)
         C:\Program Files (x86)\Microsoft Visual Studio 14.0\VC\include\vcruntime_exception.h(43): note: see declaration of 'std::exception' (compiling source file ..\..\src\GridDatabase2D.cpp)
         C:\Users\zchau\Documents\GitHub\A2-GJK-EPA\steerlib\include\util/GenericException.h(56): note: see declaration of 'Util::GenericException' (compiling source file ..\..\src\GridDatabase2D.cpp)
     1>C:\Users\zchau\Documents\GitHub\A2-GJK-EPA\steerlib\include\obstacles/PolygonObstacle.h(62): warning C4251: 'PolygonObstacle::_points': class 'std::vector<Util::Point,std::allocator<_Ty>>' needs to have dll-interface to be used by clients of class 'PolygonObstacle'
                 with
                 [
                     _Ty=Util::Point
                 ] (compiling source file ..\..\src\PolygonObstacle.cpp)
     1>C:\Users\zchau\Documents\GitHub\A2-GJK-EPA\steerlib\include\obstacles/PolygonObstacle.h(63): warning C4251: 'PolygonObstacle::_vectors': class 'std::vector<Util::Vector,std::allocator<_Ty>>' needs to have dll-interface to be used by clients of class 'PolygonObstacle'
                 with
                 [
                     _Ty=Util::Vector
                 ] (compiling source file ..\..\src\PolygonObstacle.cpp)
     1>C:\Users\zchau\Documents\GitHub\A2-GJK-EPA\steerlib\include\util/GenericException.h(57): warning C4275: non dll-interface class 'std::exception' used as base for dll-interface class 'Util::GenericException' (compiling source file ..\..\src\SimulationMetricsCollector.cpp)
         C:\Program Files (x86)\Microsoft Visual Studio 14.0\VC\include\vcruntime_exception.h(43): note: see declaration of 'std::exception' (compiling source file ..\..\src\SimulationMetricsCollector.cpp)
         C:\Users\zchau\Documents\GitHub\A2-GJK-EPA\steerlib\include\util/GenericException.h(56): note: see declaration of 'Util::GenericException' (compiling source file ..\..\src\SimulationMetricsCollector.cpp)
     1>C:\Users\zchau\Documents\GitHub\A2-GJK-EPA\steerlib\include\util/GenericException.h(57): warning C4275: non dll-interface class 'std::exception' used as base for dll-interface class 'Util::GenericException' (compiling source file ..\..\src\CommandLineParser.cpp)
         C:\Program Files (x86)\Microsoft Visual Studio 14.0\VC\include\vcruntime_exception.h(43): note: see declaration of 'std::exception' (compiling source file ..\..\src\CommandLineParser.cpp)
         C:\Users\zchau\Documents\GitHub\A2-GJK-EPA\steerlib\include\util/GenericException.h(56): note: see declaration of 'Util::GenericException' (compiling source file ..\..\src\CommandLineParser.cpp)
         MemoryMapper.cpp
     1>C:\Users\zchau\Documents\GitHub\A2-GJK-EPA\steerlib\include\util/GenericException.h(57): warning C4275: non dll-interface class 'std::exception' used as base for dll-interface class 'Util::GenericException' (compiling source file ..\..\src\HighResCounter.cpp)
         C:\Program Files (x86)\Microsoft Visual Studio 14.0\VC\include\vcruntime_exception.h(43): note: see declaration of 'std::exception' (compiling source file ..\..\src\HighResCounter.cpp)
         C:\Users\zchau\Documents\GitHub\A2-GJK-EPA\steerlib\include\util/GenericException.h(56): note: see declaration of 'Util::GenericException' (compiling source file ..\..\src\HighResCounter.cpp)
     1>C:\Users\zchau\Documents\GitHub\A2-GJK-EPA\steerlib\include\util/GenericException.h(57): warning C4275: non dll-interface class 'std::exception' used as base for dll-interface class 'Util::GenericException' (compiling source file ..\..\src\DynamicLibrary.cpp)
         C:\Program Files (x86)\Microsoft Visual Studio 14.0\VC\include\vcruntime_exception.h(43): note: see declaration of 'std::exception' (compiling source file ..\..\src\DynamicLibrary.cpp)
         C:\Users\zchau\Documents\GitHub\A2-GJK-EPA\steerlib\include\util/GenericException.h(56): note: see declaration of 'Util::GenericException' (compiling source file ..\..\src\DynamicLibrary.cpp)
         Misc.cpp
         PerformanceProfiler.cpp
     1>..\..\src\GridDatabase2D.cpp(245): warning C4067: unexpected tokens following preprocessor directive - expected a newline
     1>..\..\src\GridDatabase2D.cpp(443): warning C4067: unexpected tokens following preprocessor directive - expected a newline
         StateMachine.cpp
         ThreadedTaskManager.cpp
         XMLParser.cpp
     1>C:\Users\zchau\Documents\GitHub\A2-GJK-EPA\steerlib\include\util/GenericException.h(57): warning C4275: non dll-interface class 'std::exception' used as base for dll-interface class 'Util::GenericException' (compiling source file ..\..\src\MemoryMapper.cpp)
         C:\Program Files (x86)\Microsoft Visual Studio 14.0\VC\include\vcruntime_exception.h(43): note: see declaration of 'std::exception' (compiling source file ..\..\src\MemoryMapper.cpp)
         C:\Users\zchau\Documents\GitHub\A2-GJK-EPA\steerlib\include\util/GenericException.h(56): note: see declaration of 'Util::GenericException' (compiling source file ..\..\src\MemoryMapper.cpp)
     1>C:\Users\zchau\Documents\GitHub\A2-GJK-EPA\steerlib\include\util/GenericException.h(57): warning C4275: non dll-interface class 'std::exception' used as base for dll-interface class 'Util::GenericException' (compiling source file ..\..\src\StateMachine.cpp)
         C:\Program Files (x86)\Microsoft Visual Studio 14.0\VC\include\vcruntime_exception.h(43): note: see declaration of 'std::exception' (compiling source file ..\..\src\StateMachine.cpp)
         C:\Users\zchau\Documents\GitHub\A2-GJK-EPA\steerlib\include\util/GenericException.h(56): note: see declaration of 'Util::GenericException' (compiling source file ..\..\src\StateMachine.cpp)
         RecFileReader.cpp
         RecFileWriter.cpp
     1>C:\Users\zchau\Documents\GitHub\A2-GJK-EPA\steerlib\include\util/GenericException.h(57): warning C4275: non dll-interface class 'std::exception' used as base for dll-interface class 'Util::GenericException' (compiling source file ..\..\src\ThreadedTaskManager.cpp)
         C:\Program Files (x86)\Microsoft Visual Studio 14.0\VC\include\vcruntime_exception.h(43): note: see declaration of 'std::exception' (compiling source file ..\..\src\ThreadedTaskManager.cpp)
         C:\Users\zchau\Documents\GitHub\A2-GJK-EPA\steerlib\include\util/GenericException.h(56): note: see declaration of 'Util::GenericException' (compiling source file ..\..\src\ThreadedTaskManager.cpp)
         TestCaseReader.cpp
         TestCaseReaderPrivate.cpp
     1>..\..\src\ThreadedTaskManager.cpp(286): warning C4996: 'GetVersionExA': was declared deprecated
         C:\Program Files (x86)\Windows Kits\8.1\Include\um\sysinfoapi.h(433): note: see declaration of 'GetVersionExA'
     1>C:\Users\zchau\Documents\GitHub\A2-GJK-EPA\steerlib\include\util/GenericException.h(57): warning C4275: non dll-interface class 'std::exception' used as base for dll-interface class 'Util::GenericException' (compiling source file ..\..\src\Misc.cpp)
         C:\Program Files (x86)\Microsoft Visual Studio 14.0\VC\include\vcruntime_exception.h(43): note: see declaration of 'std::exception' (compiling source file ..\..\src\Misc.cpp)
         C:\Users\zchau\Documents\GitHub\A2-GJK-EPA\steerlib\include\util/GenericException.h(56): note: see declaration of 'Util::GenericException' (compiling source file ..\..\src\Misc.cpp)
     1>C:\Users\zchau\Documents\GitHub\A2-GJK-EPA\steerlib\include\util/GenericException.h(57): warning C4275: non dll-interface class 'std::exception' used as base for dll-interface class 'Util::GenericException' (compiling source file ..\..\src\RecFileReader.cpp)
         C:\Program Files (x86)\Microsoft Visual Studio 14.0\VC\include\vcruntime_exception.h(43): note: see declaration of 'std::exception' (compiling source file ..\..\src\RecFileReader.cpp)
         C:\Users\zchau\Documents\GitHub\A2-GJK-EPA\steerlib\include\util/GenericException.h(56): note: see declaration of 'Util::GenericException' (compiling source file ..\..\src\RecFileReader.cpp)
     1>C:\Users\zchau\Documents\GitHub\A2-GJK-EPA\steerlib\include\util/GenericException.h(57): warning C4275: non dll-interface class 'std::exception' used as base for dll-interface class 'Util::GenericException' (compiling source file ..\..\src\XMLParser.cpp)
         C:\Program Files (x86)\Microsoft Visual Studio 14.0\VC\include\vcruntime_exception.h(43): note: see declaration of 'std::exception' (compiling source file ..\..\src\XMLParser.cpp)
         C:\Users\zchau\Documents\GitHub\A2-GJK-EPA\steerlib\include\util/GenericException.h(56): note: see declaration of 'Util::GenericException' (compiling source file ..\..\src\XMLParser.cpp)
     1>C:\Users\zchau\Documents\GitHub\A2-GJK-EPA\steerlib\include\util/GenericException.h(57): warning C4275: non dll-interface class 'std::exception' used as base for dll-interface class 'Util::GenericException' (compiling source file ..\..\src\RecFileWriter.cpp)
         C:\Program Files (x86)\Microsoft Visual Studio 14.0\VC\include\vcruntime_exception.h(43): note: see declaration of 'std::exception' (compiling source file ..\..\src\RecFileWriter.cpp)
         C:\Users\zchau\Documents\GitHub\A2-GJK-EPA\steerlib\include\util/GenericException.h(56): note: see declaration of 'Util::GenericException' (compiling source file ..\..\src\RecFileWriter.cpp)
         TestCaseWriter.cpp
     1>C:\Users\zchau\Documents\GitHub\A2-GJK-EPA\steerlib\include\util/GenericException.h(57): warning C4275: non dll-interface class 'std::exception' used as base for dll-interface class 'Util::GenericException' (compiling source file ..\..\src\TestCaseReader.cpp)
         C:\Program Files (x86)\Microsoft Visual Studio 14.0\VC\include\vcruntime_exception.h(43): note: see declaration of 'std::exception' (compiling source file ..\..\src\TestCaseReader.cpp)
         C:\Users\zchau\Documents\GitHub\A2-GJK-EPA\steerlib\include\util/GenericException.h(56): note: see declaration of 'Util::GenericException' (compiling source file ..\..\src\TestCaseReader.cpp)
     1>C:\Users\zchau\Documents\GitHub\A2-GJK-EPA\steerlib\include\util/GenericException.h(57): warning C4275: non dll-interface class 'std::exception' used as base for dll-interface class 'Util::GenericException' (compiling source file ..\..\src\TestCaseReaderPrivate.cpp)
         C:\Program Files (x86)\Microsoft Visual Studio 14.0\VC\include\vcruntime_exception.h(43): note: see declaration of 'std::exception' (compiling source file ..\..\src\TestCaseReaderPrivate.cpp)
         C:\Users\zchau\Documents\GitHub\A2-GJK-EPA\steerlib\include\util/GenericException.h(56): note: see declaration of 'Util::GenericException' (compiling source file ..\..\src\TestCaseReaderPrivate.cpp)
         Camera.cpp
         Clock.cpp
         SimulationEngine.cpp
     1>C:\Users\zchau\Documents\GitHub\A2-GJK-EPA\steerlib\include\util/GenericException.h(57): warning C4275: non dll-interface class 'std::exception' used as base for dll-interface class 'Util::GenericException' (compiling source file ..\..\src\TestCaseWriter.cpp)
         C:\Program Files (x86)\Microsoft Visual Studio 14.0\VC\include\vcruntime_exception.h(43): note: see declaration of 'std::exception' (compiling source file ..\..\src\TestCaseWriter.cpp)
         C:\Users\zchau\Documents\GitHub\A2-GJK-EPA\steerlib\include\util/GenericException.h(56): note: see declaration of 'Util::GenericException' (compiling source file ..\..\src\TestCaseWriter.cpp)
     1>..\..\src\RecFileWriter.cpp(104): warning C4267: '=': conversion from 'size_t' to 'unsigned int', possible loss of data
     1>..\..\src\RecFileWriter.cpp(105): warning C4267: '=': conversion from 'size_t' to 'unsigned int', possible loss of data
     1>..\..\src\RecFileWriter.cpp(119): warning C4244: '=': conversion from 'std::streamoff' to 'unsigned int', possible loss of data
     1>..\..\src\RecFileWriter.cpp(167): warning C4244: '=': conversion from 'std::streamoff' to 'unsigned int', possible loss of data
     1>..\..\src\RecFileWriter.cpp(170): warning C4244: '=': conversion from 'std::streamoff' to 'unsigned int', possible loss of data
     1>..\..\src\RecFileWriter.cpp(173): warning C4244: '=': conversion from 'std::streamoff' to 'unsigned int', possible loss of data
     1>..\..\src\RecFileWriter.cpp(237): warning C4244: '=': conversion from 'std::streamoff' to 'unsigned int', possible loss of data
     1>c:\users\zchau\documents\github\a2-gjk-epa\util\include\LogObject.h(85): warning C4267: 'argument': conversion from 'size_t' to 'unsigned int', possible loss of data (compiling source file ..\..\src\TestCaseReader.cpp)
     1>C:\Users\zchau\Documents\GitHub\A2-GJK-EPA\steerlib\include\util/GenericException.h(57): warning C4275: non dll-interface class 'std::exception' used as base for dll-interface class 'Util::GenericException' (compiling source file ..\..\src\Clock.cpp)
         C:\Program Files (x86)\Microsoft Visual Studio 14.0\VC\include\vcruntime_exception.h(43): note: see declaration of 'std::exception' (compiling source file ..\..\src\Clock.cpp)
         C:\Users\zchau\Documents\GitHub\A2-GJK-EPA\steerlib\include\util/GenericException.h(56): note: see declaration of 'Util::GenericException' (compiling source file ..\..\src\Clock.cpp)
     1>c:\users\zchau\documents\github\a2-gjk-epa\util\include\LogObject.h(85): warning C4267: 'argument': conversion from 'size_t' to 'unsigned int', possible loss of data (compiling source file ..\..\src\TestCaseReaderPrivate.cpp)
     1>C:\Users\zchau\Documents\GitHub\A2-GJK-EPA\steerlib\include\util/GenericException.h(57): warning C4275: non dll-interface class 'std::exception' used as base for dll-interface class 'Util::GenericException' (compiling source file ..\..\src\Camera.cpp)
         C:\Program Files (x86)\Microsoft Visual Studio 14.0\VC\include\vcruntime_exception.h(43): note: see declaration of 'std::exception' (compiling source file ..\..\src\Camera.cpp)
         C:\Users\zchau\Documents\GitHub\A2-GJK-EPA\steerlib\include\util/GenericException.h(56): note: see declaration of 'Util::GenericException' (compiling source file ..\..\src\Camera.cpp)
     1>..\..\src\Camera.cpp(171): warning C4244: 'argument': conversion from 'int' to 'float', possible loss of data
     1>..\..\src\Camera.cpp(172): warning C4244: 'argument': conversion from 'int' to 'float', possible loss of data
     1>C:\Users\zchau\Documents\GitHub\A2-GJK-EPA\steerlib\include\util/GenericException.h(57): warning C4275: non dll-interface class 'std::exception' used as base for dll-interface class 'Util::GenericException' (compiling source file ..\..\src\SimulationEngine.cpp)
         C:\Program Files (x86)\Microsoft Visual Studio 14.0\VC\include\vcruntime_exception.h(43): note: see declaration of 'std::exception' (compiling source file ..\..\src\SimulationEngine.cpp)
         C:\Users\zchau\Documents\GitHub\A2-GJK-EPA\steerlib\include\util/GenericException.h(56): note: see declaration of 'Util::GenericException' (compiling source file ..\..\src\SimulationEngine.cpp)
         SimulationOptions.cpp
         SteeringCommand.cpp
     1>c:\users\zchau\documents\github\a2-gjk-epa\util\include\LogObject.h(85): warning C4267: 'argument': conversion from 'size_t' to 'unsigned int', possible loss of data (compiling source file ..\..\src\SimulationEngine.cpp)
         BoxObstacle.cpp
         CircleObstacle.cpp
     1>c:\users\zchau\documents\github\a2-gjk-epa\util\include\LogObject.h(85): warning C4267: 'argument': conversion from 'size_t' to 'unsigned int', possible loss of data (compiling source file ..\..\src\TestCaseWriter.cpp)
     1>C:\Users\zchau\Documents\GitHub\A2-GJK-EPA\steerlib\include\util/GenericException.h(57): warning C4275: non dll-interface class 'std::exception' used as base for dll-interface class 'Util::GenericException' (compiling source file ..\..\src\SimulationOptions.cpp)
         C:\Program Files (x86)\Microsoft Visual Studio 14.0\VC\include\vcruntime_exception.h(43): note: see declaration of 'std::exception' (compiling source file ..\..\src\SimulationOptions.cpp)
         C:\Users\zchau\Documents\GitHub\A2-GJK-EPA\steerlib\include\util/GenericException.h(56): note: see declaration of 'Util::GenericException' (compiling source file ..\..\src\SimulationOptions.cpp)
         OrientedBoxObstacle.cpp
     1>C:\Users\zchau\Documents\GitHub\A2-GJK-EPA\steerlib\include\util/GenericException.h(57): warning C4275: non dll-interface class 'std::exception' used as base for dll-interface class 'Util::GenericException' (compiling source file ..\..\src\BoxObstacle.cpp)
         C:\Program Files (x86)\Microsoft Visual Studio 14.0\VC\include\vcruntime_exception.h(43): note: see declaration of 'std::exception' (compiling source file ..\..\src\BoxObstacle.cpp)
         C:\Users\zchau\Documents\GitHub\A2-GJK-EPA\steerlib\include\util/GenericException.h(56): note: see declaration of 'Util::GenericException' (compiling source file ..\..\src\BoxObstacle.cpp)
     1>..\..\src\SimulationEngine.cpp(162): warning C4267: 'initializing': conversion from 'size_t' to 'int', possible loss of data
         RecFilePlayerModule.cpp
     1>..\..\src\SimulationEngine.cpp(1005): warning C4267: 'initializing': conversion from 'size_t' to 'int', possible loss of data
     1>c:\users\zchau\documents\github\a2-gjk-epa\util\include\LogObject.h(85): warning C4267: 'argument': conversion from 'size_t' to 'unsigned int', possible loss of data (compiling source file ..\..\src\SimulationOptions.cpp)
     1>C:\Users\zchau\Documents\GitHub\A2-GJK-EPA\steerlib\include\util/GenericException.h(57): warning C4275: non dll-interface class 'std::exception' used as base for dll-interface class 'Util::GenericException' (compiling source file ..\..\src\CircleObstacle.cpp)
         C:\Program Files (x86)\Microsoft Visual Studio 14.0\VC\include\vcruntime_exception.h(43): note: see declaration of 'std::exception' (compiling source file ..\..\src\CircleObstacle.cpp)
         C:\Users\zchau\Documents\GitHub\A2-GJK-EPA\steerlib\include\util/GenericException.h(56): note: see declaration of 'Util::GenericException' (compiling source file ..\..\src\CircleObstacle.cpp)
         SimulationRecorderModule.cpp
     1>..\..\src\TestCaseWriter.cpp(35): warning C4996: 'fopen': This function or variable may be unsafe. Consider using fopen_s instead. To disable deprecation, use _CRT_SECURE_NO_WARNINGS. See online help for details.
         C:\Program Files (x86)\Windows Kits\10\Include\10.0.10150.0\ucrt\stdio.h(205): note: see declaration of 'fopen'
     1>..\..\src\TestCaseWriter.cpp(54): warning C4996: 'fopen': This function or variable may be unsafe. Consider using fopen_s instead. To disable deprecation, use _CRT_SECURE_NO_WARNINGS. See online help for details.
         C:\Program Files (x86)\Windows Kits\10\Include\10.0.10150.0\ucrt\stdio.h(205): note: see declaration of 'fopen'
     1>C:\Users\zchau\Documents\GitHub\A2-GJK-EPA\steerlib\include\util/GenericException.h(57): warning C4275: non dll-interface class 'std::exception' used as base for dll-interface class 'Util::GenericException' (compiling source file ..\..\src\OrientedBoxObstacle.cpp)
         C:\Program Files (x86)\Microsoft Visual Studio 14.0\VC\include\vcruntime_exception.h(43): note: see declaration of 'std::exception' (compiling source file ..\..\src\OrientedBoxObstacle.cpp)
         C:\Users\zchau\Documents\GitHub\A2-GJK-EPA\steerlib\include\util/GenericException.h(56): note: see declaration of 'Util::GenericException' (compiling source file ..\..\src\OrientedBoxObstacle.cpp)
         TestCasePlayerModule.cpp
     1>C:\Users\zchau\Documents\GitHub\A2-GJK-EPA\steerlib\include\util/GenericException.h(57): warning C4275: non dll-interface class 'std::exception' used as base for dll-interface class 'Util::GenericException' (compiling source file ..\..\src\SimulationRecorderModule.cpp)
         C:\Program Files (x86)\Microsoft Visual Studio 14.0\VC\include\vcruntime_exception.h(43): note: see declaration of 'std::exception' (compiling source file ..\..\src\SimulationRecorderModule.cpp)
         C:\Users\zchau\Documents\GitHub\A2-GJK-EPA\steerlib\include\util/GenericException.h(56): note: see declaration of 'Util::GenericException' (compiling source file ..\..\src\SimulationRecorderModule.cpp)
         ticpp.cpp
     1>c:\users\zchau\documents\github\a2-gjk-epa\steerlib\include\util/GenericException.h(57): warning C4275: non dll-interface class 'std::exception' used as base for dll-interface class 'Util::GenericException' (compiling source file ..\..\src\RecFilePlayerModule.cpp)
         C:\Program Files (x86)\Microsoft Visual Studio 14.0\VC\include\vcruntime_exception.h(43): note: see declaration of 'std::exception' (compiling source file ..\..\src\RecFilePlayerModule.cpp)
         c:\users\zchau\documents\github\a2-gjk-epa\steerlib\include\util/GenericException.h(56): note: see declaration of 'Util::GenericException' (compiling source file ..\..\src\RecFilePlayerModule.cpp)
     1>c:\users\zchau\documents\github\a2-gjk-epa\util\include\LogObject.h(85): warning C4267: 'argument': conversion from 'size_t' to 'unsigned int', possible loss of data (compiling source file ..\..\src\SimulationRecorderModule.cpp)
         tinystr.cpp
         tinyxml.cpp
         tinyxmlerror.cpp
     1>C:\Users\zchau\Documents\GitHub\A2-GJK-EPA\steerlib\include\util/GenericException.h(57): warning C4275: non dll-interface class 'std::exception' used as base for dll-interface class 'Util::GenericException' (compiling source file ..\..\src\TestCasePlayerModule.cpp)
         C:\Program Files (x86)\Microsoft Visual Studio 14.0\VC\include\vcruntime_exception.h(43): note: see declaration of 'std::exception' (compiling source file ..\..\src\TestCasePlayerModule.cpp)
         C:\Users\zchau\Documents\GitHub\A2-GJK-EPA\steerlib\include\util/GenericException.h(56): note: see declaration of 'Util::GenericException' (compiling source file ..\..\src\TestCasePlayerModule.cpp)
     1>c:\users\zchau\documents\github\a2-gjk-epa\util\include\LogObject.h(85): warning C4267: 'argument': conversion from 'size_t' to 'unsigned int', possible loss of data (compiling source file ..\..\src\RecFilePlayerModule.cpp)
     1>c:\users\zchau\documents\github\a2-gjk-epa\util\include\LogObject.h(85): warning C4267: 'argument': conversion from 'size_t' to 'unsigned int', possible loss of data (compiling source file ..\..\src\TestCasePlayerModule.cpp)
         tinyxmlparser.cpp
       Link:
         C:\Program Files (x86)\Microsoft Visual Studio 14.0\VC\bin\x86_amd64\link.exe /ERRORREPORT:PROMPT /OUT:"C:\Users\zchau\Documents\GitHub\A2-GJK-EPA\build\win32\Release\steerlib.dll" /INCREMENTAL:NO /NOLOGO /LIBPATH:"C:\Users\zchau\Documents\GitHub\A2-GJK-EPA\build\win32\Release\\" util.lib opengl32.lib glu32.lib kernel32.lib user32.lib gdi32.lib winspool.lib comdlg32.lib advapi32.lib shell32.lib ole32.lib oleaut32.lib uuid.lib odbc32.lib odbccp32.lib /MANIFEST /MANIFESTUAC:"level='asInvoker' uiAccess='false'" /manifest:embed /PDB:"C:\Users\zchau\Documents\GitHub\A2-GJK-EPA\build\win32\Release\steerlib.pdb" /LTCG:incremental /TLBID:1 /DYNAMICBASE /NXCOMPAT /IMPLIB:"C:\Users\zchau\Documents\GitHub\A2-GJK-EPA\build\win32\Release\steerlib.lib" /MACHINE:X64 /DLL Release\AgentMetricsCollector.obj
         Release\BehaviorParameter.obj
         Release\Behaviour.obj
         Release\BenchmarkEngine.obj
         Release\CompositeTechnique01.obj
         Release\CompositeTechnique02.obj
         Release\CompositeTechniquePLE.obj
         Release\Curve.obj
         Release\FrameSaver.obj
         Release\GJK_EPA.obj
         Release\OrientedWallObstacle.obj
         Release\PolygonObstacle.obj
         Release\SimulationMetricsCollector.obj
         Release\GridDatabase2D.obj
         Release\CommandLineParser.obj
         Release\DrawLib.obj
         Release\DynamicLibrary.obj
         Release\HighResCounter.obj
         Release\MemoryMapper.obj
         Release\Misc.obj
         Release\PerformanceProfiler.obj
         Release\StateMachine.obj
         Release\ThreadedTaskManager.obj
         Release\XMLParser.obj
         Release\RecFileReader.obj
         Release\RecFileWriter.obj
         Release\TestCaseReader.obj
         Release\TestCaseReaderPrivate.obj
         Release\TestCaseWriter.obj
         Release\Camera.obj
         Release\Clock.obj
         Release\SimulationEngine.obj
         Release\SimulationOptions.obj
         Release\SteeringCommand.obj
         Release\BoxObstacle.obj
         Release\CircleObstacle.obj
         Release\OrientedBoxObstacle.obj
         Release\RecFilePlayerModule.obj
         Release\SimulationRecorderModule.obj
         Release\TestCasePlayerModule.obj
         Release\ticpp.obj
         Release\tinystr.obj
         Release\tinyxml.obj
         Release\tinyxmlerror.obj
         Release\tinyxmlparser.obj
            Creating library C:\Users\zchau\Documents\GitHub\A2-GJK-EPA\build\win32\Release\steerlib.lib and object C:\Users\zchau\Documents\GitHub\A2-GJK-EPA\build\win32\Release\steerlib.exp
         Generating code
         All 9076 functions were compiled because no usable IPDB/IOBJ from previous compilation was found.
         Finished generating code
         steerlib.vcxproj -> C:\Users\zchau\Documents\GitHub\A2-GJK-EPA\build\win32\Release\steerlib.dll
     1>Done Building Project "C:\Users\zchau\Documents\GitHub\A2-GJK-EPA\steerlib\build\win32\steerlib.vcxproj" (Rebuild target(s)).

Build succeeded.

Time Elapsed 00:00:16.18
