Build started 10/1/2015 3:41:25 PM.
     1>Project "C:\Users\Crazy\Desktop\SteerLite-A1\simpleAI\build\win32\simpleAI.vcxproj" on node 4 (Build target(s)).
     1>ClCompile:
         C:\Program Files (x86)\Microsoft Visual Studio 14.0\VC\bin\x86_amd64\CL.exe /c /I..\..\..\util\include /I..\..\include /I..\..\..\steerlib\include /I..\..\..\external /Zi /nologo /W3 /WX- /MP /O2 /Oi /Ot /GL /D ENABLE_GUI /D _WINDLL /D _MBCS /Gm- /EHsc /MD /GS /Gy /arch:SSE2 /fp:fast /Zc:wchar_t /Zc:forScope /Zc:inline /GR /Fo"Release\\" /Fd"Release\vc140.pdb" /Gd /TP /errorReport:prompt ..\..\src\SimpleAgent.cpp ..\..\src\SimpleAIModule.cpp
     1>cl : Command line warning D9002: ignoring unknown option '/arch:SSE2'
     1>cl : Command line warning D9002: ignoring unknown option '/arch:SSE2'
         SimpleAgent.cpp
     1>cl : Command line warning D9002: ignoring unknown option '/arch:SSE2'
         SimpleAIModule.cpp
     1>c:\users\crazy\desktop\steerlite-a1\util\include\UtilGlobals.h(17): warning C4005: 'UTIL_API': macro redefinition (compiling source file ..\..\src\SimpleAIModule.cpp)
         c:\users\crazy\desktop\steerlite-a1\steerlib\include\Globals.h(22): note: see previous definition of 'UTIL_API' (compiling source file ..\..\src\SimpleAIModule.cpp)
     1>c:\users\crazy\desktop\steerlite-a1\util\include\UtilGlobals.h(17): warning C4005: 'UTIL_API': macro redefinition (compiling source file ..\..\src\SimpleAgent.cpp)
         c:\users\crazy\desktop\steerlite-a1\steerlib\include\Globals.h(22): note: see previous definition of 'UTIL_API' (compiling source file ..\..\src\SimpleAgent.cpp)
     1>c:\users\crazy\desktop\steerlite-a1\util\include\LogObject.h(85): warning C4267: 'argument': conversion from 'size_t' to 'unsigned int', possible loss of data (compiling source file ..\..\src\SimpleAIModule.cpp)
     1>c:\users\crazy\desktop\steerlite-a1\util\include\LogObject.h(85): warning C4267: 'argument': conversion from 'size_t' to 'unsigned int', possible loss of data (compiling source file ..\..\src\SimpleAgent.cpp)
     1>c:\users\crazy\desktop\steerlite-a1\util\include\LogObject.h(43): warning C4244: '=': conversion from '__int64' to 'int', possible loss of data (compiling source file ..\..\src\SimpleAIModule.cpp)
         ..\..\src\SimpleAIModule.cpp(154): note: see reference to function template instantiation 'void LogObject::addLogData<__int64>(T)' being compiled
                 with
                 [
                     T=__int64
                 ]
     1>c:\users\crazy\desktop\steerlite-a1\util\include\LogObject.h(51): warning C4244: '=': conversion from '__int64' to 'float', possible loss of data (compiling source file ..\..\src\SimpleAIModule.cpp)
     1>c:\users\crazy\desktop\steerlite-a1\util\include\LogObject.h(61): warning C4244: 'argument': conversion from '__int64' to 'char', possible loss of data (compiling source file ..\..\src\SimpleAIModule.cpp)
     1>c:\users\crazy\desktop\steerlite-a1\util\include\LogObject.h(43): warning C4244: '=': conversion from 'float' to 'int', possible loss of data (compiling source file ..\..\src\SimpleAIModule.cpp)
         ..\..\src\SimpleAIModule.cpp(158): note: see reference to function template instantiation 'void LogObject::addLogData<float>(T)' being compiled
                 with
                 [
                     T=float
                 ]
     1>c:\users\crazy\desktop\steerlite-a1\util\include\LogObject.h(56): warning C4244: '=': conversion from 'float' to '__int64', possible loss of data (compiling source file ..\..\src\SimpleAIModule.cpp)
     1>c:\users\crazy\desktop\steerlite-a1\util\include\LogObject.h(61): warning C4244: 'argument': conversion from 'float' to 'char', possible loss of data (compiling source file ..\..\src\SimpleAIModule.cpp)
       Link:
         C:\Program Files (x86)\Microsoft Visual Studio 14.0\VC\bin\x86_amd64\link.exe /ERRORREPORT:PROMPT /OUT:"C:\Users\Crazy\Desktop\SteerLite-A1\build\win32\Release\simpleAI.dll" /INCREMENTAL:NO /NOLOGO /LIBPATH:"C:\Users\Crazy\Desktop\SteerLite-A1\build\win32\Release\\" util.lib steerlib.lib kernel32.lib user32.lib gdi32.lib winspool.lib comdlg32.lib advapi32.lib shell32.lib ole32.lib oleaut32.lib uuid.lib odbc32.lib odbccp32.lib /MANIFEST /MANIFESTUAC:"level='asInvoker' uiAccess='false'" /manifest:embed /PDB:"C:\Users\Crazy\Desktop\SteerLite-A1\build\win32\Release\simpleAI.pdb" /OPT:REF /OPT:ICF /LTCG:incremental /TLBID:1 /DYNAMICBASE /NXCOMPAT /IMPLIB:"C:\Users\Crazy\Desktop\SteerLite-A1\build\win32\Release\simpleAI.lib" /MACHINE:X64 /DLL Release\SimpleAgent.obj
         Release\SimpleAIModule.obj
            Creating library C:\Users\Crazy\Desktop\SteerLite-A1\build\win32\Release\simpleAI.lib and object C:\Users\Crazy\Desktop\SteerLite-A1\build\win32\Release\simpleAI.exp
         Generating code
         1000 of 1003 functions (99.7%) were compiled, the rest were copied from previous compilation.
           59 functions were new in current compilation
           0 functions had inline decision re-evaluated but remain unchanged
         Finished generating code
         simpleAI.vcxproj -> C:\Users\Crazy\Desktop\SteerLite-A1\build\win32\Release\simpleAI.dll
     1>Done Building Project "C:\Users\Crazy\Desktop\SteerLite-A1\simpleAI\build\win32\simpleAI.vcxproj" (Build target(s)).

Build succeeded.

Time Elapsed 00:00:15.08
